Build started 5/20/2020 2:38:43 PM.
     1>Project "C:\Users\Akmal\documents\visual studio 2013\Projects\NVR\NVR\NVR.vcxproj" on node 2 (Build target(s)).
     1>ClCompile:
         C:\Program Files (x86)\Microsoft Visual Studio 12.0\VC\bin\CL.exe /c /ZI /nologo /W3 /WX- /sdl /Od /Oy- /D _MBCS /Gm /EHsc /RTC1 /MDd /GS /fp:precise /Zc:wchar_t /Zc:forScope /Fo"Debug\\" /Fd"Debug\vc120.pdb" /Gd /TP /analyze- /errorReport:prompt "Real-Time.cpp"
         Real-Time.cpp
     1>c:\users\akmal\documents\visual studio 2013\projects\nvr\nvr\real-time.cpp(309): warning C4800: 'BOOL' : forcing value to bool 'true' or 'false' (performance warning)
     1>c:\users\akmal\documents\visual studio 2013\projects\nvr\nvr\real-time.cpp(295): warning C4101: 'pic' : unreferenced local variable
     1>c:\users\akmal\documents\visual studio 2013\projects\nvr\nvr\real-time.cpp(335): warning C4800: 'BOOL' : forcing value to bool 'true' or 'false' (performance warning)
     1>c:\users\akmal\documents\visual studio 2013\projects\nvr\nvr\real-time.cpp(438): warning C4305: 'initializing' : truncation from 'int' to 'char'
     1>c:\users\akmal\documents\visual studio 2013\projects\nvr\nvr\real-time.cpp(438): warning C4309: 'initializing' : truncation of constant value
     1>c:\users\akmal\documents\visual studio 2013\projects\nvr\nvr\real-time.cpp(459): warning C4715: 'doFindPerson' : not all control paths return a value
       Link:
         C:\Program Files (x86)\Microsoft Visual Studio 12.0\VC\bin\link.exe /ERRORREPORT:PROMPT /OUT:"C:\Users\Akmal\documents\visual studio 2013\Projects\NVR\Debug\NVR.exe" /INCREMENTAL /NOLOGO /LIBPATH:"C:\Program Files (x86)\Microsoft Visual Studio 12.0\VC\bin" kernel32.lib user32.lib gdi32.lib winspool.lib comdlg32.lib advapi32.lib shell32.lib ole32.lib oleaut32.lib uuid.lib odbc32.lib odbccp32.lib /MANIFEST /MANIFESTUAC:"level='asInvoker' uiAccess='false'" /manifest:embed /DEBUG /PDB:"C:\Users\Akmal\documents\visual studio 2013\Projects\NVR\Debug\NVR.pdb" /TLBID:1 /DYNAMICBASE /NXCOMPAT /IMPLIB:"C:\Users\Akmal\documents\visual studio 2013\Projects\NVR\Debug\NVR.lib" /MACHINE:X86 Debug\NVR.res
         Debug\Login.obj
         Debug\Playback.obj
         "Debug\Real-Time.obj"
         Debug\Sample1.obj
         Debug\Source.obj
         NVR.vcxproj -> C:\Users\Akmal\documents\visual studio 2013\Projects\NVR\Debug\NVR.exe
     1>Done Building Project "C:\Users\Akmal\documents\visual studio 2013\Projects\NVR\NVR\NVR.vcxproj" (Build target(s)).

Build succeeded.

Time Elapsed 00:00:02.44
